AndroidPlatformFactory.RegisterBuildPlatforms: UnrealBuildTool.AndroidPlatformSDK has no valid SDK
IOSPlatformFactory.RegisterBuildPlatforms: UnrealBuildTool.IOSPlatformSDK has no valid SDK
LinuxPlatformFactory.RegisterBuildPlatforms: UnrealBuildTool.LinuxPlatformSDK has no valid SDK
WindowsPlatformFactory.RegisterBuildPlatforms: UnrealBuildTool.WindowsPlatformSDK using manually installed SDK
ProjectFileGenerator.GenerateProjectFiles: Discovering modules, targets and source code for project...
WindowsPlatform.FindVSInstallDirs: Found Visual Studio installation: C:\Program Files (x86)\Microsoft Visual Studio\2017\Professional (Product=Microsoft.VisualStudio.Product.Professional, Version=15.9.28307.1000, Sort=0)
WindowsPlatform.FindToolChainDirs: Found Visual Studio toolchain: C:\Program Files (x86)\Microsoft Visual Studio\2017\Professional\VC\Tools\MSVC\14.16.27023 (Version=14.16.27035)
WindowsPlatform.EnumerateSdkRootDirs: Found Windows 10 SDK root at C:\Program Files (x86)\Windows Kits\10 (1)
WindowsPlatform.EnumerateSdkRootDirs: Found Windows 10 SDK root at C:\Program Files (x86)\Windows Kits\10 (2)
WindowsPlatform.UpdateCachedWindowsSdks: Found Windows 10 SDK version 10.0.17763.0 at C:\Program Files (x86)\Windows Kits\10
WindowsPlatform.UpdateCachedWindowsSdks: Found Universal CRT version 10.0.17763.0 at C:\Program Files (x86)\Windows Kits\10
WindowsPlatform.UpdateCachedWindowsSdks: Found Windows 10 SDK version 10.0.18362.0 at C:\Program Files (x86)\Windows Kits\10
WindowsPlatform.UpdateCachedWindowsSdks: Found Universal CRT version 10.0.18362.0 at C:\Program Files (x86)\Windows Kits\10
DynamicCompilation.RequiresCompilation: Compiling D:\programing\AI_Car\AI_Car\Intermediate\Build\BuildRules\AI_CarModuleRules.dll: Assembly does not exist
DynamicCompilation.CompileAssembly: While compiling D:\programing\AI_Car\AI_Car\Intermediate\Build\BuildRules\AI_CarModuleRules.dll:
DynamicCompilation.CompileAssembly: d:\programing\AI_Car\AI_Car\Source\AI_Car.Target.cs(12,3) : error CS1502: 'System.Collections.Generic.List<string>.AddRange(System.Collections.Generic.IEnumerable<string>)'에 가장 일치하는 오버로드된 메서드에 잘못된 인수가 있습니다.
DynamicCompilation.CompileAssembly: d:\programing\AI_Car\AI_Car\Source\AI_Car.Target.cs(12,29) : error CS1503: 1 인수: 'string'에서 'System.Collections.Generic.IEnumerable<string>'(으)로 변환할 수 없습니다.
DynamicCompilation.CompileAssembly: d:\programing\AI_Car\AI_Car\Source\AI_CarEditor.Target.cs(12,3) : error CS1502: 'System.Collections.Generic.List<string>.AddRange(System.Collections.Generic.IEnumerable<string>)'에 가장 일치하는 오버로드된 메서드에 잘못된 인수가 있습니다.
DynamicCompilation.CompileAssembly: d:\programing\AI_Car\AI_Car\Source\AI_CarEditor.Target.cs(12,29) : error CS1503: 1 인수: 'string'에서 'System.Collections.Generic.IEnumerable<string>'(으)로 변환할 수 없습니다.
UnrealBuildTool.Main: ERROR: Unable to compile source files.
UnrealBuildTool.Main: BuildException: Unable to compile source files.
UnrealBuildTool.Main:    위치: UnrealBuildTool.DynamicCompilation.CompileAssembly(FileReference OutputAssemblyPath, HashSet`1 SourceFileNames, List`1 ReferencedAssembies, List`1 PreprocessorDefines, Boolean TreatWarningsAsErrors) 파일 D:\Build\++UE4\Sync\Engine\Saved\CsTools\Engine\Source\Programs\UnrealBuildTool\System\DynamicCompilation.cs:줄 375
UnrealBuildTool.Main:    위치: UnrealBuildTool.DynamicCompilation.CompileAndLoadAssembly(FileReference OutputAssemblyPath, HashSet`1 SourceFileNames, List`1 ReferencedAssembies, List`1 PreprocessorDefines, Boolean DoNotCompile, Boolean TreatWarningsAsErrors) 파일 D:\Build\++UE4\Sync\Engine\Saved\CsTools\Engine\Source\Programs\UnrealBuildTool\System\DynamicCompilation.cs:줄 442
UnrealBuildTool.Main:    위치: UnrealBuildTool.RulesAssembly..ctor(RulesScope Scope, DirectoryReference BaseDir, IReadOnlyList`1 Plugins, Dictionary`2 ModuleFileToContext, List`1 TargetFiles, FileReference AssemblyFileName, Boolean bContainsEngineModules, Nullable`1 DefaultBuildSettings, Boolean bReadOnly, Boolean bSkipCompile, RulesAssembly Parent) 파일 D:\Build\++UE4\Sync\Engine\Saved\CsTools\Engine\Source\Programs\UnrealBuildTool\System\RulesAssembly.cs:줄 115
UnrealBuildTool.Main:    위치: UnrealBuildTool.RulesCompiler.CreateProjectRulesAssembly(FileReference ProjectFileName, Boolean bUsePrecompiled, Boolean bSkipCompile) 파일 D:\Build\++UE4\Sync\Engine\Saved\CsTools\Engine\Source\Programs\UnrealBuildTool\System\RulesCompiler.cs:줄 592
UnrealBuildTool.Main:    위치: UnrealBuildTool.ProjectFileGenerator.AddProjectsForAllTargets(PlatformProjectGeneratorCollection PlatformProjectGenerators, List`1 AllGames, List`1 AllTargetFiles, ProjectFile& EngineProject, ProjectFile& EnterpriseProject, List`1& GameProjects, Dictionary`2& ProgramProjects) 파일 D:\Build\++UE4\Sync\Engine\Saved\CsTools\Engine\Source\Programs\UnrealBuildTool\ProjectFiles\ProjectFileGenerator.cs:줄 2219
UnrealBuildTool.Main:    위치: UnrealBuildTool.ProjectFileGenerator.GenerateProjectFiles(PlatformProjectGeneratorCollection PlatformProjectGenerators, String[] Arguments) 파일 D:\Build\++UE4\Sync\Engine\Saved\CsTools\Engine\Source\Programs\UnrealBuildTool\ProjectFiles\ProjectFileGenerator.cs:줄 720
UnrealBuildTool.Main:    위치: UnrealBuildTool.GenerateProjectFilesMode.Execute(CommandLineArguments Arguments) 파일 D:\Build\++UE4\Sync\Engine\Saved\CsTools\Engine\Source\Programs\UnrealBuildTool\Modes\GenerateProjectFilesMode.cs:줄 176
UnrealBuildTool.Main:    위치: UnrealBuildTool.UnrealBuildTool.Main(String[] ArgumentsArray) 파일 D:\Build\++UE4\Sync\Engine\Saved\CsTools\Engine\Source\Programs\UnrealBuildTool\UnrealBuildTool.cs:줄 517
Timeline.Print: Timeline:
Timeline.Print: 
Timeline.Print: [ 0.000]
Timeline.Print: [ 0.000](+0.035) <unknown>
Timeline.Print: [ 0.035](+0.079) XmlConfig.ReadConfigFiles()
Timeline.Print: [ 0.115](+0.000) SingleInstanceMutex.Acquire()
Timeline.Print: [ 0.115](+0.076) UEBuildPlatform.RegisterPlatforms()
Timeline.Print:   0.116          [ 0.000](+0.037) Initializing InstalledPlatformInfo
Timeline.Print:   0.154          [ 0.038](+0.000) Querying types
Timeline.Print:   0.156          [ 0.040](+0.001) MacPlatformFactory
Timeline.Print:   0.158          [ 0.042](+0.000) TVOSPlatformFactory
Timeline.Print:   0.158          [ 0.043](+0.010) AndroidPlatformFactory
Timeline.Print:   0.169          [ 0.053](+0.000) HoloLensPlatformFactory
Timeline.Print:   0.169          [ 0.054](+0.016) IOSPlatformFactory
Timeline.Print:   0.186          [ 0.070](+0.003) LinuxPlatformFactory
Timeline.Print:   0.189          [ 0.073](+0.000) LuminPlatformFactory
Timeline.Print:   0.189          [ 0.074](+0.002) WindowsPlatformFactory
Timeline.Print: [ 0.192](+0.352) <unknown>
Timeline.Print: [ 0.544](+0.001) Finding engine modules
Timeline.Print: [ 0.546](+0.003) Finding plugin modules
Timeline.Print: [ 0.549](+0.053) <unknown>
Timeline.Print: [ 0.603](+0.000) Finding program modules
Timeline.Print: [ 0.603](+0.000) Finding program targets
Timeline.Print: [ 0.603](+0.079) <unknown>
Timeline.Print: [ 0.682](+0.065) Compiling rules assembly (AI_CarModuleRules.dll)
Timeline.Print: [ 0.762](+0.000) FileMetadataPrefetch.Stop()
Timeline.Print: [ 0.765]
