AndroidPlatformFactory.RegisterBuildPlatforms: UnrealBuildTool.AndroidPlatformSDK has no valid SDK
IOSPlatformFactory.RegisterBuildPlatforms: UnrealBuildTool.IOSPlatformSDK has no valid SDK
LinuxPlatformFactory.RegisterBuildPlatforms: UnrealBuildTool.LinuxPlatformSDK has no valid SDK
WindowsPlatformFactory.RegisterBuildPlatforms: UnrealBuildTool.WindowsPlatformSDK using manually installed SDK
ProjectFileGenerator.GenerateProjectFiles: Discovering modules, targets and source code for project...
WindowsPlatform.FindVSInstallDirs: Found Visual Studio installation: C:\Program Files (x86)\Microsoft Visual Studio\2017\Professional (Product=Microsoft.VisualStudio.Product.Professional, Version=15.9.28307.1000, Sort=0)
WindowsPlatform.FindToolChainDirs: Found Visual Studio toolchain: C:\Program Files (x86)\Microsoft Visual Studio\2017\Professional\VC\Tools\MSVC\14.16.27023 (Version=14.16.27035)
WindowsPlatform.EnumerateSdkRootDirs: Found Windows 10 SDK root at C:\Program Files (x86)\Windows Kits\10 (1)
WindowsPlatform.EnumerateSdkRootDirs: Found Windows 10 SDK root at C:\Program Files (x86)\Windows Kits\10 (2)
WindowsPlatform.UpdateCachedWindowsSdks: Found Windows 10 SDK version 10.0.17763.0 at C:\Program Files (x86)\Windows Kits\10
WindowsPlatform.UpdateCachedWindowsSdks: Found Universal CRT version 10.0.17763.0 at C:\Program Files (x86)\Windows Kits\10
WindowsPlatform.UpdateCachedWindowsSdks: Found Windows 10 SDK version 10.0.18362.0 at C:\Program Files (x86)\Windows Kits\10
WindowsPlatform.UpdateCachedWindowsSdks: Found Universal CRT version 10.0.18362.0 at C:\Program Files (x86)\Windows Kits\10
UnrealBuildTool.Main: ERROR: Could not find NetFxSDK install dir; this will prevent SwarmInterface from installing.  Install a version of .NET Framework SDK at 4.6.0 or higher.
UnrealBuildTool.Main: BuildException: Could not find NetFxSDK install dir; this will prevent SwarmInterface from installing.  Install a version of .NET Framework SDK at 4.6.0 or higher.
UnrealBuildTool.Main:    위치: UnrealBuildTool.VCEnvironment.SetupEnvironment(UnrealTargetPlatform Platform) 파일 D:\Build\++UE4\Sync\Engine\Saved\CsTools\Engine\Source\Programs\UnrealBuildTool\Platform\Windows\VCEnvironment.cs:줄 463
UnrealBuildTool.Main:    위치: UnrealBuildTool.VCEnvironment..ctor(UnrealTargetPlatform Platform, WindowsCompiler Compiler, DirectoryReference CompilerDir, VersionNumber CompilerVersion, WindowsArchitecture Architecture, WindowsCompiler ToolChain, DirectoryReference ToolChainDir, VersionNumber ToolChainVersion, DirectoryReference WindowsSdkDir, VersionNumber WindowsSdkVersion) 파일 D:\Build\++UE4\Sync\Engine\Saved\CsTools\Engine\Source\Programs\UnrealBuildTool\Platform\Windows\VCEnvironment.cs:줄 144
UnrealBuildTool.Main:    위치: UnrealBuildTool.VCEnvironment.Create(WindowsCompiler Compiler, UnrealTargetPlatform Platform, WindowsArchitecture Architecture, String CompilerVersion, String WindowsSdkVersion) 파일 D:\Build\++UE4\Sync\Engine\Saved\CsTools\Engine\Source\Programs\UnrealBuildTool\Platform\Windows\VCEnvironment.cs:줄 544
UnrealBuildTool.Main:    위치: UnrealBuildTool.WindowsPlatform.ValidateTarget(TargetRules Target) 파일 D:\Build\++UE4\Sync\Engine\Saved\CsTools\Engine\Source\Programs\UnrealBuildTool\Platform\Windows\UEBuildWindows.cs:줄 714
UnrealBuildTool.Main:    위치: UnrealBuildTool.RulesAssembly.CreateTargetRulesInstance(String TypeName, TargetInfo TargetInfo) 파일 D:\Build\++UE4\Sync\Engine\Saved\CsTools\Engine\Source\Programs\UnrealBuildTool\System\RulesAssembly.cs:줄 565
UnrealBuildTool.Main:    위치: UnrealBuildTool.RulesAssembly.CreateTargetRules(String TargetName, UnrealTargetPlatform Platform, UnrealTargetConfiguration Configuration, String Architecture, FileReference ProjectFile, CommandLineArguments Arguments) 파일 D:\Build\++UE4\Sync\Engine\Saved\CsTools\Engine\Source\Programs\UnrealBuildTool\System\RulesAssembly.cs:줄 625
UnrealBuildTool.Main:    위치: UnrealBuildTool.ProjectFileGenerator.AddProjectsForAllTargets(PlatformProjectGeneratorCollection PlatformProjectGenerators, List`1 AllGames, List`1 AllTargetFiles, ProjectFile& EngineProject, ProjectFile& EnterpriseProject, List`1& GameProjects, Dictionary`2& ProgramProjects) 파일 D:\Build\++UE4\Sync\Engine\Saved\CsTools\Engine\Source\Programs\UnrealBuildTool\ProjectFiles\ProjectFileGenerator.cs:줄 2224
UnrealBuildTool.Main:    위치: UnrealBuildTool.ProjectFileGenerator.GenerateProjectFiles(PlatformProjectGeneratorCollection PlatformProjectGenerators, String[] Arguments) 파일 D:\Build\++UE4\Sync\Engine\Saved\CsTools\Engine\Source\Programs\UnrealBuildTool\ProjectFiles\ProjectFileGenerator.cs:줄 720
UnrealBuildTool.Main:    위치: UnrealBuildTool.GenerateProjectFilesMode.Execute(CommandLineArguments Arguments) 파일 D:\Build\++UE4\Sync\Engine\Saved\CsTools\Engine\Source\Programs\UnrealBuildTool\Modes\GenerateProjectFilesMode.cs:줄 176
UnrealBuildTool.Main:    위치: UnrealBuildTool.UnrealBuildTool.Main(String[] ArgumentsArray) 파일 D:\Build\++UE4\Sync\Engine\Saved\CsTools\Engine\Source\Programs\UnrealBuildTool\UnrealBuildTool.cs:줄 517
Timeline.Print: Timeline:
Timeline.Print: 
Timeline.Print: [ 0.000]
Timeline.Print: [ 0.000](+0.037) <unknown>
Timeline.Print: [ 0.037](+0.079) XmlConfig.ReadConfigFiles()
Timeline.Print: [ 0.116](+0.000) SingleInstanceMutex.Acquire()
Timeline.Print: [ 0.116](+0.077) UEBuildPlatform.RegisterPlatforms()
Timeline.Print:   0.117          [ 0.001](+0.038) Initializing InstalledPlatformInfo
Timeline.Print:   0.155          [ 0.039](+0.000) Querying types
Timeline.Print:   0.157          [ 0.041](+0.002) MacPlatformFactory
Timeline.Print:   0.159          [ 0.043](+0.000) TVOSPlatformFactory
Timeline.Print:   0.159          [ 0.043](+0.011) AndroidPlatformFactory
Timeline.Print:   0.171          [ 0.054](+0.000) HoloLensPlatformFactory
Timeline.Print:   0.171          [ 0.055](+0.016) IOSPlatformFactory
Timeline.Print:   0.187          [ 0.071](+0.003) LinuxPlatformFactory
Timeline.Print:   0.190          [ 0.074](+0.000) LuminPlatformFactory
Timeline.Print:   0.191          [ 0.074](+0.002) WindowsPlatformFactory
Timeline.Print: [ 0.193](+0.340) <unknown>
Timeline.Print: [ 0.534](+0.001) Finding engine modules
Timeline.Print: [ 0.536](+0.003) Finding plugin modules
Timeline.Print: [ 0.540](+0.056) <unknown>
Timeline.Print: [ 0.596](+0.000) Finding program modules
Timeline.Print: [ 0.597](+0.000) Finding program targets
Timeline.Print: [ 0.597](+0.072) <unknown>
Timeline.Print: [ 0.669](+0.000) FileMetadataPrefetch.Stop()
Timeline.Print: [ 0.673]
