010UBT Running for Rocket: D:/programing/AI_Car/AI_Car/AI_Car.uproject
010UBT Running for Rocket: D:/programing/AI_Car/AI_Car/AI_Car.uproject
010UnrealBuildTool (DEBUG OUTPUT MODE)
010Command-line: -projectfiles -project=D:/programing/AI_Car/AI_Car/AI_Car.uproject -game -rocket -progress -log=D:\programing\AI_Car\AI_Car/Saved/Logs/UnrealVersionSelector-2020.05.28-21.32.56.log
010Searching for ToolChains, BuildPlatforms, BuildDeploys and ProjectGenerators...
010    Registering build platform: UnrealBuildTool.XboxOnePlatform
010    Registering build platform: UnrealBuildTool.PS4Platform
010    Registering build platform: UnrealBuildTool.MacPlatform
010        Registering for Mac
010    Registering build platform: UnrealBuildTool.AndroidPlatform
010        Registering for Android
010    Registering build platform: UnrealBuildTool.UWPPlatform
010        Registering for UWP
010    Registering build platform: UnrealBuildTool.WinRTPlatform
010    Registering build platform: UnrealBuildTool.IOSPlatform
010        Registering for IOS
010    Registering build platform: UnrealBuildTool.HTML5Platform
010        Registering for HTML5
010    Registering build platform: UnrealBuildTool.LinuxPlatform
010    Registering build platform: UnrealBuildTool.WindowsPlatform
010        Registering for Win64
010        Registering for Win32
010    Registering tool chain    : UnrealBuildTool.XboxOneToolChain
010        Registered for XboxOne
010    Registering build deploy  : UnrealBuildTool.XboxOneDeploy
010        Registering for XboxOne
010    Registering tool chain    : UnrealBuildTool.PS4ToolChain
010        Registered for PS4
010    Registering build deploy  : UnrealBuildTool.UEDeployPS4
010Unable to register PS4 deployment class because the SCE_ORBIS_SDK_DIR environment variable isn't set or points to something that doesn't exist
010    Registering tool chain    : UnrealBuildTool.MacToolChain
010        Registered for Mac
010    Registering build deploy  : UnrealBuildTool.IOS.UEDeployMac
010    Registering build deploy  : UnrealBuildTool.Android.UEDeployAndroid
010        Unable to register Android deployment class because the ANDROID_HOME environment variable isn't set or points to something that doesn't exist
010    Registering tool chain    : UnrealBuildTool.AndroidToolChain
010    Registering build deploy  : UnrealBuildTool.UWPDeploy
010        Registering for UWP
010    Registering tool chain    : UnrealBuildTool.UWPToolChain
010    Registering tool chain    : UnrealBuildTool.WinRTToolChain
010        Registered for WinRT
010        Registered for WinRT_ARM
010    Registering build deploy  : UnrealBuildTool.WinRTDeploy
010        Registering for WinRT
010    Registering tool chain    : UnrealBuildTool.IOSToolChain
010        Registered for IOS
010    Registering build deploy  : UnrealBuildTool.IOS.UEDeployIOS
010    Registering tool chain    : UnrealBuildTool.VCToolChain
010        Registered for Win64
010        Registered for Win32
010    Registering tool chain    : UnrealBuildTool.HTML5ToolChain
010        Registered for HTML5
010    Registering tool chain    : UnrealBuildTool.LinuxToolChain
010    Registering project generator: UnrealBuildTool.XboxOneProjectGenerator
010        Registering for XboxOne
010Skipping project file generator registration for XboxOne due to no valid BuildPlatform.
010    Registering project generator: UnrealBuildTool.PS4ProjectGenerator
010        Registering for PS4
010Skipping project file generator registration for PS4 due to no valid BuildPlatform.
010    Registering project generator: UnrealBuildTool.MacProjectGenerator
010        Registering for Mac
010    Registering project generator: UnrealBuildTool.AndroidProjectGenerator
010        Registering for Android
010    Registering project generator: UnrealBuildTool.UWPProjectGenerator
010    Registering project generator: UnrealBuildTool.WinRTProjectGenerator
010        Registering for WinRT
010Skipping project file generator registration for WinRT due to no valid BuildPlatform.
010        Registering for WinRT_ARM
010Skipping project file generator registration for WinRT_ARM due to no valid BuildPlatform.
010    Registering project generator: UnrealBuildTool.IOSProjectGenerator
010        Registering for IOS
010    Registering project generator: UnrealBuildTool.HTML5ProjectGenerator
010        Registering for HTML5
010    Registering project generator: UnrealBuildTool.LinuxProjectGenerator
010    Registering project generator: UnrealBuildTool.WindowsProjectGenerator
010        Registering for Win32
010        Registering for Win64
008Discovering modules, targets and source code for game...
010Detected supported platforms: Win32, Win64, Android
010Compiling D:\programing\AI_Car\AI_Car\Intermediate\Build\BuildRules\RocketUE4ModuleRules.dll
008Errors detected while compiling D:\programing\AI_Car\AI_Car\Intermediate\Build\BuildRules\RocketUE4ModuleRules.dll:
008d:\programing\AI_Car\AI_Car\Source\AI_Car\AI_Car.Build.cs(7,16) : error CS0246: 'ReadOnlyTargetRules' 형식 또는 네임스페이스 이름을 찾을 수 없습니다. using 지시문 또는 어셈블리 참조가 있는지 확인하십시오.
002UnrealBuildTool Exception: ERROR: UnrealBuildTool encountered an error while compiling source files
010Execution time: 0.8286398
